Using pre-set license
Built from '2020.3/staging' branch; Version is '2020.3.11f1 (99c7afb366b3) revision 10078127'; Using compiler version '192528614'; Build Type 'Release'
OS: 'Windows 10 Enterprise; OS build 18363.1801; Version 1909; 64bit' Language: 'en' Physical Memory: 32709 MB
BatchMode: 1, IsHumanControllingUs: 0, StartBugReporterOnCrash: 0, Is64bit: 1, IsPro: 0

 COMMAND LINE ARGUMENTS:
C:\Program Files\Unity\Editor\Unity.exe
-adb2
-batchMode
-noUpm
-name
AssetImportWorker0
-projectPath
C:/Users/student/Documents/GitHub/Complex
-logFile
Logs/AssetImportWorker0.log
-srvPort
57933
Successfully changed project path to: C:/Users/student/Documents/GitHub/Complex
C:/Users/student/Documents/GitHub/Complex
Using Asset Import Pipeline V2.
Refreshing native plugins compatible for Editor in 30.20 ms, found 2 plugins.
Preloading 0 native plugins for Editor in 0.00 ms.
Initialize engine version: 2020.3.11f1 (99c7afb366b3)
[Subsystems] Discovering subsystems at path C:/Program Files/Unity/Editor/Data/Resources/UnitySubsystems
[Subsystems] Discovering subsystems at path C:/Users/student/Documents/GitHub/Complex/Assets
GfxDevice: creating device client; threaded=0
Direct3D:
    Version:  Direct3D 11.0 [level 11.1]
    Renderer: NVIDIA Quadro M2000 (ID=0x1430)
    Vendor:   
    VRAM:     4044 MB
    Driver:   25.21.14.1967
Initialize mono
Mono path[0] = 'C:/Program Files/Unity/Editor/Data/Managed'
Mono path[1] = 'C:/Program Files/Unity/Editor/Data/MonoBleedingEdge/lib/mono/unityjit'
Mono config path = 'C:/Program Files/Unity/Editor/Data/MonoBleedingEdge/etc'
Using monoOptions --debugger-agent=transport=dt_socket,embedding=1,server=y,suspend=n,address=127.0.0.1:56208
Begin MonoManager ReloadAssembly
Registering precompiled unity dll's ...
Register platform support module: C:/Program Files/Unity/Editor/Data/PlaybackEngines/WebGLSupport/UnityEditor.WebGL.Extensions.dll
Register platform support module: C:/Program Files/Unity/Editor/Data/PlaybackEngines/MacStandaloneSupport/UnityEditor.OSXStandalone.Extensions.dll
Register platform support module: C:/Program Files/Unity/Editor/Data/PlaybackEngines/WindowsStandaloneSupport/UnityEditor.WindowsStandalone.Extensions.dll
Register platform support module: C:/Program Files/Unity/Editor/Data/PlaybackEngines/LinuxStandaloneSupport/UnityEditor.LinuxStandalone.Extensions.dll
Register platform support module: C:/Program Files/Unity/Editor/Data/PlaybackEngines/LuminSupport/UnityEditor.Lumin.Extensions.dll
Registered in 0.005639 seconds.
Native extension for Lumin target not found
Native extension for LinuxStandalone target not found
Native extension for WindowsStandalone target not found
Native extension for OSXStandalone target not found
Native extension for WebGL target not found
Refreshing native plugins compatible for Editor in 23.43 ms, found 2 plugins.
Preloading 0 native plugins for Editor in 0.00 ms.
Mono: successfully reloaded assembly
- Completed reload, in  1.458 seconds
Platform modules already initialized, skipping
Registering precompiled user dll's ...
Registered in 0.008790 seconds.
Begin MonoManager ReloadAssembly
Native extension for Lumin target not found
Native extension for LinuxStandalone target not found
Native extension for WindowsStandalone target not found
Native extension for OSXStandalone target not found
Native extension for WebGL target not found
Refreshing native plugins compatible for Editor in 0.28 ms, found 2 plugins.
Preloading 0 native plugins for Editor in 0.00 ms.
Mono: successfully reloaded assembly
- Completed reload, in  1.001 seconds
Platform modules already initialized, skipping
========================================================================
Worker process is ready to serve import requests
Launched and connected shader compiler UnityShaderCompiler.exe after 0.06 seconds
Refreshing native plugins compatible for Editor in 0.26 ms, found 2 plugins.
Preloading 0 native plugins for Editor in 0.00 ms.
Unloading 1386 Unused Serialized files (Serialized files now loaded: 0)
System memory in use before: 64.6 MB.
System memory in use after: 64.7 MB.

Unloading 19 unused Assets to reduce memory usage. Loaded Objects now: 1819.
Total: 1.726300 ms (FindLiveObjects: 0.121300 ms CreateObjectMapping: 0.053700 ms MarkObjects: 1.471500 ms  DeleteObjects: 0.078700 ms)

========================================================================
Received Import Request.
  path: Assets
  artifactKey: Guid(00000000000000001000000000000000) Importer(815301076,1909f56bfc062723c751e8b465ee728b)
Start importing Assets using Guid(00000000000000001000000000000000) Importer(815301076,1909f56bfc062723c751e8b465ee728b)  -> (artifact id: '42d402b061de3733987d63b9cc3b64de') in 0.009194 seconds
  Import took 0.012185 seconds .

========================================================================
Received Import Request.
  Time since last request: 24.192722 seconds.
  path: Assets/Complex.shader
  artifactKey: Guid(231966abba43d6f45b7879c95da501ca) Importer(815301076,1909f56bfc062723c751e8b465ee728b)
Start importing Assets/Complex.shader using Guid(231966abba43d6f45b7879c95da501ca) Importer(815301076,1909f56bfc062723c751e8b465ee728b)  -> (artifact id: '2362d6b9d22888c52f5e429c320b41bc') in 0.038095 seconds
  Import took 0.040373 seconds .

========================================================================
Received Import Request.
  Time since last request: 0.242173 seconds.
  path: Assets/Complex.shader
  artifactKey: Guid(231966abba43d6f45b7879c95da501ca) Importer(815301076,1909f56bfc062723c751e8b465ee728b)
Start importing Assets/Complex.shader using Guid(231966abba43d6f45b7879c95da501ca) Importer(815301076,1909f56bfc062723c751e8b465ee728b)  -> (artifact id: '2362d6b9d22888c52f5e429c320b41bc') in 0.006583 seconds
  Import took 0.008888 seconds .

========================================================================
Received Import Request.
  Time since last request: 12.846993 seconds.
  path: Assets/New Material.mat
  artifactKey: Guid(74305534d5e68124e91cfee214ad33c4) Importer(815301076,1909f56bfc062723c751e8b465ee728b)
Start importing Assets/New Material.mat using Guid(74305534d5e68124e91cfee214ad33c4) Importer(815301076,1909f56bfc062723c751e8b465ee728b)  -> (artifact id: '7ce5a5aa1aa9da1212ab111aef27e845') in 0.082093 seconds
  Import took 0.084399 seconds .

========================================================================
Received Import Request.
  Time since last request: 17.073321 seconds.
  path: Assets/Complex.mat
  artifactKey: Guid(74305534d5e68124e91cfee214ad33c4) Importer(815301076,1909f56bfc062723c751e8b465ee728b)
Start importing Assets/Complex.mat using Guid(74305534d5e68124e91cfee214ad33c4) Importer(815301076,1909f56bfc062723c751e8b465ee728b)  -> (artifact id: '36e1701e96199bc8a0f632d26e0f6c6e') in 0.028575 seconds
  Import took 0.031055 seconds .

========================================================================
Received Import Request.
  Time since last request: 94.589565 seconds.
  path: Assets/Complex.shader
  artifactKey: Guid(231966abba43d6f45b7879c95da501ca) Importer(815301076,1909f56bfc062723c751e8b465ee728b)
Start importing Assets/Complex.shader using Guid(231966abba43d6f45b7879c95da501ca) Importer(815301076,1909f56bfc062723c751e8b465ee728b)  -> (artifact id: '62a7d6b22d9d14b14e1c33f0379c9c76') in 0.008360 seconds
  Import took 0.011475 seconds .

========================================================================
Received Import Request.
  Time since last request: 104.059649 seconds.
  path: Assets/Complex.mat
  artifactKey: Guid(74305534d5e68124e91cfee214ad33c4) Importer(815301076,1909f56bfc062723c751e8b465ee728b)
Start importing Assets/Complex.mat using Guid(74305534d5e68124e91cfee214ad33c4) Importer(815301076,1909f56bfc062723c751e8b465ee728b)  -> (artifact id: '8f03ee5b3c35a7e1757d827087f21ddd') in 0.027505 seconds
  Import took 0.030140 seconds .

AssetImportWorkerClient::OnTransportError - code=2 error=End of file
